2014-03-06T14:14:27.138195+00:00 heroku[api]: Enable Logplex by munozfj@hotmail.com
2014-03-06T14:14:27.138266+00:00 heroku[api]: Release v2 created by munozfj@hotmail.com
2014-03-06T14:14:42+00:00 heroku[slug-compiler]: Slug compilation started
2014-03-06T14:15:20.645925+00:00 heroku[api]: Scale to web=1 by munozfj@hotmail.com
2014-03-06T14:15:21.286303+00:00 heroku[api]: Attach HEROKU_POSTGRESQL_PURPLE resource by munozfj@hotmail.com
2014-03-06T14:15:21.286393+00:00 heroku[api]: Release v3 created by munozfj@hotmail.com
2014-03-06T14:15:21.431831+00:00 heroku[api]: Added DATABASE_URL config vars. by munozfj@hotmail.com
2014-03-06T14:15:21.431924+00:00 heroku[api]: Release v4 created by munozfj@hotmail.com
2014-03-06T14:15:21.570660+00:00 heroku[api]: Added LANG, RAILS_ENV, RACK_ENV config vars. by munozfj@hotmail.com
2014-03-06T14:15:21.570752+00:00 heroku[api]: Release v5 created by munozfj@hotmail.com
2014-03-06T14:15:21+00:00 heroku[slug-compiler]: Slug compilation finished
2014-03-06T14:15:21.689189+00:00 heroku[api]: Deploy 7303eb0 by munozfj@hotmail.com
2014-03-06T14:15:21.689372+00:00 heroku[api]: Release v6 created by munozfj@hotmail.com
2014-03-06T14:15:25.746475+00:00 heroku[web.1]: Starting process with command `bin/rails server -p 9695 -e production`
2014-03-06T14:15:28.645786+00:00 app[web.1]: => Rails 4.0.3 application starting in production on http://0.0.0.0:9695
2014-03-06T14:15:28.645786+00:00 app[web.1]: => Run `rails server -h` for more startup options
2014-03-06T14:15:28.645786+00:00 app[web.1]: => Booting WEBrick
2014-03-06T14:15:28.645786+00:00 app[web.1]: => Ctrl-C to shutdown server
2014-03-06T14:15:28.645786+00:00 app[web.1]: Exiting
2014-03-06T14:15:28.645786+00:00 app[web.1]: /app/vendor/bundle/ruby/2.1.0/gems/devise-3.2.3/lib/devise/rails/routes.rb:481:in `raise_no_secret_key': Devise.secret_key was not set. Please add the following to your Devise initializer: (RuntimeError)
2014-03-06T14:15:28.645786+00:00 app[web.1]: 
2014-03-06T14:15:28.645786+00:00 app[web.1]:   config.secret_key = 'b4e2d251656bbd2185e76b1504ae6d961fa038a24f83e991761e5b9b73aa33fca6b8359cd2eae4eff5efa2b63702530e2ba404b16765bc11700b18e41b3a5896'
2014-03-06T14:15:28.645786+00:00 app[web.1]: 
2014-03-06T14:15:28.645786+00:00 app[web.1]: Please ensure you restarted your application after installing Devise or setting the key.
2014-03-06T14:15:28.646201+00:00 app[web.1]: 	from /app/vendor/bundle/ruby/2.1.0/gems/devise-3.2.3/lib/devise/rails/routes.rb:206:in `devise_for'
2014-03-06T14:15:28.646201+00:00 app[web.1]: 	from /app/config/routes.rb:3:in `block in <top (required)>'
2014-03-06T14:15:28.646201+00:00 app[web.1]: 	from /app/vendor/bundle/ruby/2.1.0/gems/actionpack-4.0.3/lib/action_dispatch/routing/route_set.rb:341:in `instance_exec'
2014-03-06T14:15:28.646201+00:00 app[web.1]: 	from /app/vendor/bundle/ruby/2.1.0/gems/actionpack-4.0.3/lib/action_dispatch/routing/route_set.rb:319:in `draw'
2014-03-06T14:15:28.646201+00:00 app[web.1]: 	from /app/config/routes.rb:1:in `<top (required)>'
2014-03-06T14:15:28.646201+00:00 app[web.1]: 	from /app/vendor/bundle/ruby/2.1.0/gems/activesupport-4.0.3/lib/active_support/dependencies.rb:223:in `block in load'
2014-03-06T14:15:28.646201+00:00 app[web.1]: 	from /app/vendor/bundle/ruby/2.1.0/gems/activesupport-4.0.3/lib/active_support/dependencies.rb:223:in `load'
2014-03-06T14:15:28.646554+00:00 app[web.1]: 	from /app/vendor/bundle/ruby/2.1.0/gems/railties-4.0.3/lib/rails/application/routes_reloader.rb:40:in `block in load_paths'
2014-03-06T14:15:28.646554+00:00 app[web.1]: 	from /app/vendor/bundle/ruby/2.1.0/gems/railties-4.0.3/lib/rails/application/routes_reloader.rb:40:in `each'
2014-03-06T14:15:28.646554+00:00 app[web.1]: 	from /app/vendor/bundle/ruby/2.1.0/gems/railties-4.0.3/lib/rails/application/routes_reloader.rb:40:in `load_paths'
2014-03-06T14:15:28.646554+00:00 app[web.1]: 	from /app/vendor/bundle/ruby/2.1.0/gems/railties-4.0.3/lib/rails/application/routes_reloader.rb:16:in `reload!'
2014-03-06T14:15:28.646554+00:00 app[web.1]: 	from /app/vendor/bundle/ruby/2.1.0/gems/devise-3.2.3/lib/devise/rails.rb:14:in `block in <class:Engine>'
2014-03-06T14:15:28.646201+00:00 app[web.1]: 	from /app/vendor/bundle/ruby/2.1.0/gems/actionpack-4.0.3/lib/action_dispatch/routing/route_set.rb:341:in `eval_block'
2014-03-06T14:15:28.646201+00:00 app[web.1]: 	from /app/vendor/bundle/ruby/2.1.0/gems/activesupport-4.0.3/lib/active_support/dependencies.rb:214:in `load_dependency'
2014-03-06T14:15:28.646201+00:00 app[web.1]: 	from /app/vendor/bundle/ruby/2.1.0/gems/activesupport-4.0.3/lib/active_support/dependencies.rb:223:in `load'
2014-03-06T14:15:28.646554+00:00 app[web.1]: 	from /app/vendor/bundle/ruby/2.1.0/gems/railties-4.0.3/lib/rails/application.rb:102:in `reload_routes!'
2014-03-06T14:15:28.646554+00:00 app[web.1]: 	from /app/vendor/bundle/ruby/2.1.0/gems/activesupport-4.0.3/lib/active_support/lazy_load_hooks.rb:36:in `execute_hook'
2014-03-06T14:15:28.646554+00:00 app[web.1]: 	from /app/vendor/bundle/ruby/2.1.0/gems/activesupport-4.0.3/lib/active_support/lazy_load_hooks.rb:36:in `call'
2014-03-06T14:15:28.647392+00:00 app[web.1]: 	from /app/vendor/bundle/ruby/2.1.0/gems/activesupport-4.0.3/lib/active_support/lazy_load_hooks.rb:44:in `run_load_hooks'
2014-03-06T14:15:28.647392+00:00 app[web.1]: 	from /app/vendor/bundle/ruby/2.1.0/gems/railties-4.0.3/lib/rails/initializable.rb:30:in `run'
2014-03-06T14:15:28.647392+00:00 app[web.1]: 	from /app/vendor/ruby-2.1.0/lib/ruby/2.1.0/tsort.rb:226:in `block in tsort_each'
2014-03-06T14:15:28.647392+00:00 app[web.1]: 	from /app/vendor/bundle/ruby/2.1.0/gems/railties-4.0.3/lib/rails/initializable.rb:30:in `instance_exec'
2014-03-06T14:15:28.647392+00:00 app[web.1]: 	from /app/vendor/bundle/ruby/2.1.0/gems/railties-4.0.3/lib/rails/initializable.rb:55:in `block in run_initializers'
2014-03-06T14:15:28.646554+00:00 app[web.1]: 	from /app/vendor/bundle/ruby/2.1.0/gems/activesupport-4.0.3/lib/active_support/lazy_load_hooks.rb:45:in `block in run_load_hooks'
2014-03-06T14:15:28.646554+00:00 app[web.1]: 	from /app/vendor/bundle/ruby/2.1.0/gems/activesupport-4.0.3/lib/active_support/lazy_load_hooks.rb:44:in `each'
2014-03-06T14:15:28.647770+00:00 app[web.1]: 	from /app/vendor/ruby-2.1.0/lib/ruby/2.1.0/tsort.rb:205:in `tsort_each'
2014-03-06T14:15:28.647392+00:00 app[web.1]: 	from /app/vendor/ruby-2.1.0/lib/ruby/2.1.0/tsort.rb:348:in `block (2 levels) in each_strongly_connected_component'
2014-03-06T14:15:28.647392+00:00 app[web.1]: 	from /app/vendor/ruby-2.1.0/lib/ruby/2.1.0/tsort.rb:345:in `each'
2014-03-06T14:15:28.647770+00:00 app[web.1]: 	from /app/vendor/ruby-2.1.0/lib/ruby/2.1.0/tsort.rb:345:in `each_strongly_connected_component'
2014-03-06T14:15:28.647770+00:00 app[web.1]: 	from /app/vendor/ruby-2.1.0/lib/ruby/2.1.0/tsort.rb:224:in `tsort_each'
2014-03-06T14:15:28.647392+00:00 app[web.1]: 	from /app/vendor/bundle/ruby/2.1.0/gems/railties-4.0.3/lib/rails/application/finisher.rb:55:in `block in <module:Finisher>'
2014-03-06T14:15:28.647770+00:00 app[web.1]: 	from /app/vendor/bundle/ruby/2.1.0/gems/activesupport-4.0.3/lib/active_support/dependencies.rb:229:in `block in require'
2014-03-06T14:15:28.647770+00:00 app[web.1]: 	from /app/vendor/bundle/ruby/2.1.0/gems/railties-4.0.3/lib/rails/initializable.rb:54:in `run_initializers'
2014-03-06T14:15:28.647392+00:00 app[web.1]: 	from /app/vendor/ruby-2.1.0/lib/ruby/2.1.0/tsort.rb:427:in `each_strongly_connected_component_from'
2014-03-06T14:15:28.647392+00:00 app[web.1]: 	from /app/vendor/ruby-2.1.0/lib/ruby/2.1.0/tsort.rb:347:in `block in each_strongly_connected_component'
2014-03-06T14:15:28.647770+00:00 app[web.1]: 	from /app/vendor/ruby-2.1.0/lib/ruby/2.1.0/tsort.rb:345:in `call'
2014-03-06T14:15:28.647770+00:00 app[web.1]: 	from /app/vendor/bundle/ruby/2.1.0/gems/railties-4.0.3/lib/rails/railtie/configurable.rb:30:in `method_missing'
2014-03-06T14:15:28.648252+00:00 app[web.1]: 	from /app/config.ru:3:in `block in <main>'
2014-03-06T14:15:28.647770+00:00 app[web.1]: 	from /app/config/environment.rb:5:in `<top (required)>'
2014-03-06T14:15:28.648252+00:00 app[web.1]: 	from /app/vendor/bundle/ruby/2.1.0/gems/activesupport-4.0.3/lib/active_support/dependencies.rb:229:in `require'
2014-03-06T14:15:28.648252+00:00 app[web.1]: 	from /app/vendor/bundle/ruby/2.1.0/gems/rack-1.5.2/lib/rack/builder.rb:55:in `initialize'
2014-03-06T14:15:28.648252+00:00 app[web.1]: 	from /app/vendor/bundle/ruby/2.1.0/gems/rack-1.5.2/lib/rack/builder.rb:55:in `instance_eval'
2014-03-06T14:15:28.648252+00:00 app[web.1]: 	from /app/vendor/bundle/ruby/2.1.0/gems/activesupport-4.0.3/lib/active_support/dependencies.rb:214:in `load_dependency'
2014-03-06T14:15:28.647770+00:00 app[web.1]: 	from /app/vendor/bundle/ruby/2.1.0/gems/railties-4.0.3/lib/rails/application.rb:215:in `initialize!'
2014-03-06T14:15:28.647770+00:00 app[web.1]: 	from /app/vendor/bundle/ruby/2.1.0/gems/activesupport-4.0.3/lib/active_support/dependencies.rb:229:in `require'
2014-03-06T14:15:28.648252+00:00 app[web.1]: 	from /app/config.ru:in `<main>'
2014-03-06T14:15:28.648252+00:00 app[web.1]: 	from /app/config.ru:in `new'
2014-03-06T14:15:28.648252+00:00 app[web.1]: 	from /app/vendor/bundle/ruby/2.1.0/gems/rack-1.5.2/lib/rack/builder.rb:49:in `eval'
2014-03-06T14:15:28.648252+00:00 app[web.1]: 	from /app/vendor/bundle/ruby/2.1.0/gems/rack-1.5.2/lib/rack/builder.rb:49:in `new_from_string'
2014-03-06T14:15:28.648252+00:00 app[web.1]: 	from /app/vendor/bundle/ruby/2.1.0/gems/rack-1.5.2/lib/rack/builder.rb:40:in `parse_file'
2014-03-06T14:15:28.648529+00:00 app[web.1]: 	from /app/vendor/bundle/ruby/2.1.0/gems/rack-1.5.2/lib/rack/server.rb:277:in `build_app_and_options_from_config'
2014-03-06T14:15:28.648529+00:00 app[web.1]: 	from /app/vendor/bundle/ruby/2.1.0/gems/rack-1.5.2/lib/rack/server.rb:199:in `app'
2014-03-06T14:15:28.648529+00:00 app[web.1]: 	from /app/vendor/bundle/ruby/2.1.0/gems/railties-4.0.3/lib/rails/commands/server.rb:48:in `app'
2014-03-06T14:15:28.648529+00:00 app[web.1]: 	from /app/vendor/bundle/ruby/2.1.0/gems/rack-1.5.2/lib/rack/server.rb:314:in `wrapped_app'
2014-03-06T14:15:28.648529+00:00 app[web.1]: 	from /app/vendor/bundle/ruby/2.1.0/gems/railties-4.0.3/lib/rails/commands/server.rb:75:in `start'
2014-03-06T14:15:28.648529+00:00 app[web.1]: 	from /app/vendor/bundle/ruby/2.1.0/gems/railties-4.0.3/lib/rails/commands.rb:76:in `block in <top (required)>'
2014-03-06T14:15:28.648529+00:00 app[web.1]: 	from bin/rails:4:in `<main>'
2014-03-06T14:15:28.648529+00:00 app[web.1]: 	from /app/vendor/bundle/ruby/2.1.0/gems/railties-4.0.3/lib/rails/commands.rb:71:in `tap'
2014-03-06T14:15:28.648529+00:00 app[web.1]: 	from /app/vendor/bundle/ruby/2.1.0/gems/railties-4.0.3/lib/rails/commands.rb:71:in `<top (required)>'
2014-03-06T14:15:28.648529+00:00 app[web.1]: 	from bin/rails:4:in `require'
2014-03-06T14:15:28.685283+00:00 heroku[web.1]: Starting process with command `bin/rails server -p 27069 -e production`
2014-03-06T14:15:28.825530+00:00 heroku[web.1]: Starting process with command `bin/rails server -p 39850 -e production`
2014-03-06T14:15:30.318634+00:00 heroku[web.1]: Process exited with status 1
2014-03-06T14:15:31.065315+00:00 app[web.1]: => Booting WEBrick
2014-03-06T14:15:31.065315+00:00 app[web.1]: => Rails 4.0.3 application starting in production on http://0.0.0.0:27069
2014-03-06T14:15:31.065315+00:00 app[web.1]: => Ctrl-C to shutdown server
2014-03-06T14:15:31.065315+00:00 app[web.1]: Exiting
2014-03-06T14:15:31.065315+00:00 app[web.1]: 
2014-03-06T14:15:31.065315+00:00 app[web.1]:   config.secret_key = '8d4ad01a781710bab9f76ae7afd06311fe60fcdf9e4f98727679ae53ad37857aaec5c0fb68fd6a3223327b395f41fbd04749d7a73a7630bb1eac5f23ac0a6efe'
2014-03-06T14:15:31.065561+00:00 app[web.1]: 	from /app/vendor/bundle/ruby/2.1.0/gems/devise-3.2.3/lib/devise/rails/routes.rb:206:in `devise_for'
2014-03-06T14:15:31.065561+00:00 app[web.1]: 	from /app/vendor/bundle/ruby/2.1.0/gems/actionpack-4.0.3/lib/action_dispatch/routing/route_set.rb:341:in `instance_exec'
2014-03-06T14:15:31.065561+00:00 app[web.1]: 	from /app/vendor/bundle/ruby/2.1.0/gems/actionpack-4.0.3/lib/action_dispatch/routing/route_set.rb:341:in `eval_block'
2014-03-06T14:15:31.065561+00:00 app[web.1]: 	from /app/vendor/bundle/ruby/2.1.0/gems/actionpack-4.0.3/lib/action_dispatch/routing/route_set.rb:319:in `draw'
2014-03-06T14:15:31.065315+00:00 app[web.1]: => Run `rails server -h` for more startup options
2014-03-06T14:15:31.065315+00:00 app[web.1]: Please ensure you restarted your application after installing Devise or setting the key.
2014-03-06T14:15:31.065561+00:00 app[web.1]: 	from /app/vendor/bundle/ruby/2.1.0/gems/activesupport-4.0.3/lib/active_support/dependencies.rb:223:in `load'
2014-03-06T14:15:31.065561+00:00 app[web.1]: 	from /app/config/routes.rb:3:in `block in <top (required)>'
2014-03-06T14:15:31.065761+00:00 app[web.1]: 	from /app/vendor/bundle/ruby/2.1.0/gems/railties-4.0.3/lib/rails/application/routes_reloader.rb:40:in `block in load_paths'
2014-03-06T14:15:31.065761+00:00 app[web.1]: 	from /app/vendor/bundle/ruby/2.1.0/gems/railties-4.0.3/lib/rails/application/routes_reloader.rb:40:in `each'
2014-03-06T14:15:31.065761+00:00 app[web.1]: 	from /app/vendor/bundle/ruby/2.1.0/gems/railties-4.0.3/lib/rails/application/routes_reloader.rb:40:in `load_paths'
2014-03-06T14:15:31.065761+00:00 app[web.1]: 	from /app/vendor/bundle/ruby/2.1.0/gems/railties-4.0.3/lib/rails/application/routes_reloader.rb:16:in `reload!'
2014-03-06T14:15:31.065315+00:00 app[web.1]: /app/vendor/bundle/ruby/2.1.0/gems/devise-3.2.3/lib/devise/rails/routes.rb:481:in `raise_no_secret_key': Devise.secret_key was not set. Please add the following to your Devise initializer: (RuntimeError)
2014-03-06T14:15:31.065761+00:00 app[web.1]: 	from /app/vendor/bundle/ruby/2.1.0/gems/activesupport-4.0.3/lib/active_support/lazy_load_hooks.rb:36:in `execute_hook'
2014-03-06T14:15:31.065561+00:00 app[web.1]: 	from /app/vendor/bundle/ruby/2.1.0/gems/activesupport-4.0.3/lib/active_support/dependencies.rb:214:in `load_dependency'
2014-03-06T14:15:31.065315+00:00 app[web.1]: 
2014-03-06T14:15:31.065761+00:00 app[web.1]: 	from /app/vendor/bundle/ruby/2.1.0/gems/activesupport-4.0.3/lib/active_support/lazy_load_hooks.rb:44:in `each'
2014-03-06T14:15:31.066389+00:00 app[web.1]: 	from /app/vendor/bundle/ruby/2.1.0/gems/railties-4.0.3/lib/rails/application/finisher.rb:55:in `block in <module:Finisher>'
2014-03-06T14:15:31.066389+00:00 app[web.1]: 	from /app/vendor/bundle/ruby/2.1.0/gems/railties-4.0.3/lib/rails/initializable.rb:30:in `instance_exec'
2014-03-06T14:15:31.065561+00:00 app[web.1]: 	from /app/config/routes.rb:1:in `<top (required)>'
2014-03-06T14:15:31.066389+00:00 app[web.1]: 	from /app/vendor/bundle/ruby/2.1.0/gems/railties-4.0.3/lib/rails/initializable.rb:55:in `block in run_initializers'
2014-03-06T14:15:31.065561+00:00 app[web.1]: 	from /app/vendor/bundle/ruby/2.1.0/gems/activesupport-4.0.3/lib/active_support/dependencies.rb:223:in `load'
2014-03-06T14:15:31.065761+00:00 app[web.1]: 	from /app/vendor/bundle/ruby/2.1.0/gems/railties-4.0.3/lib/rails/application.rb:102:in `reload_routes!'
2014-03-06T14:15:31.066389+00:00 app[web.1]: 	from /app/vendor/ruby-2.1.0/lib/ruby/2.1.0/tsort.rb:348:in `block (2 levels) in each_strongly_connected_component'
2014-03-06T14:15:31.066389+00:00 app[web.1]: 	from /app/vendor/ruby-2.1.0/lib/ruby/2.1.0/tsort.rb:427:in `each_strongly_connected_component_from'
2014-03-06T14:15:31.066389+00:00 app[web.1]: 	from /app/vendor/ruby-2.1.0/lib/ruby/2.1.0/tsort.rb:347:in `block in each_strongly_connected_component'
2014-03-06T14:15:31.066389+00:00 app[web.1]: 	from /app/vendor/ruby-2.1.0/lib/ruby/2.1.0/tsort.rb:345:in `each'
2014-03-06T14:15:31.066601+00:00 app[web.1]: 	from /app/vendor/ruby-2.1.0/lib/ruby/2.1.0/tsort.rb:345:in `call'
2014-03-06T14:15:31.065761+00:00 app[web.1]: 	from /app/vendor/bundle/ruby/2.1.0/gems/devise-3.2.3/lib/devise/rails.rb:14:in `block in <class:Engine>'
2014-03-06T14:15:31.065761+00:00 app[web.1]: 	from /app/vendor/bundle/ruby/2.1.0/gems/activesupport-4.0.3/lib/active_support/lazy_load_hooks.rb:36:in `call'
2014-03-06T14:15:31.066601+00:00 app[web.1]: 	from /app/vendor/ruby-2.1.0/lib/ruby/2.1.0/tsort.rb:345:in `each_strongly_connected_component'
2014-03-06T14:15:31.065761+00:00 app[web.1]: 	from /app/vendor/bundle/ruby/2.1.0/gems/activesupport-4.0.3/lib/active_support/lazy_load_hooks.rb:45:in `block in run_load_hooks'
2014-03-06T14:15:31.065561+00:00 app[web.1]: 	from /app/vendor/bundle/ruby/2.1.0/gems/activesupport-4.0.3/lib/active_support/dependencies.rb:223:in `block in load'
2014-03-06T14:15:31.066389+00:00 app[web.1]: 	from /app/vendor/bundle/ruby/2.1.0/gems/railties-4.0.3/lib/rails/initializable.rb:30:in `run'
2014-03-06T14:15:31.066389+00:00 app[web.1]: 	from /app/vendor/ruby-2.1.0/lib/ruby/2.1.0/tsort.rb:226:in `block in tsort_each'
2014-03-06T14:15:31.066389+00:00 app[web.1]: 	from /app/vendor/bundle/ruby/2.1.0/gems/activesupport-4.0.3/lib/active_support/lazy_load_hooks.rb:44:in `run_load_hooks'
2014-03-06T14:15:31.066601+00:00 app[web.1]: 	from /app/vendor/ruby-2.1.0/lib/ruby/2.1.0/tsort.rb:205:in `tsort_each'
2014-03-06T14:15:31.066601+00:00 app[web.1]: 	from /app/vendor/bundle/ruby/2.1.0/gems/railties-4.0.3/lib/rails/initializable.rb:54:in `run_initializers'
2014-03-06T14:15:31.066601+00:00 app[web.1]: 	from /app/vendor/ruby-2.1.0/lib/ruby/2.1.0/tsort.rb:224:in `tsort_each'
2014-03-06T14:15:31.066601+00:00 app[web.1]: 	from /app/vendor/bundle/ruby/2.1.0/gems/railties-4.0.3/lib/rails/application.rb:215:in `initialize!'
2014-03-06T14:15:31.066601+00:00 app[web.1]: 	from /app/vendor/bundle/ruby/2.1.0/gems/railties-4.0.3/lib/rails/railtie/configurable.rb:30:in `method_missing'
2014-03-06T14:15:31.066601+00:00 app[web.1]: 	from /app/config/environment.rb:5:in `<top (required)>'
2014-03-06T14:15:31.066601+00:00 app[web.1]: 	from /app/vendor/bundle/ruby/2.1.0/gems/activesupport-4.0.3/lib/active_support/dependencies.rb:229:in `require'
2014-03-06T14:15:31.066601+00:00 app[web.1]: 	from /app/vendor/bundle/ruby/2.1.0/gems/activesupport-4.0.3/lib/active_support/dependencies.rb:229:in `block in require'
2014-03-06T14:15:31.066947+00:00 app[web.1]: 	from /app/vendor/bundle/ruby/2.1.0/gems/activesupport-4.0.3/lib/active_support/dependencies.rb:214:in `load_dependency'
2014-03-06T14:15:31.066947+00:00 app[web.1]: 	from /app/vendor/bundle/ruby/2.1.0/gems/activesupport-4.0.3/lib/active_support/dependencies.rb:229:in `require'
2014-03-06T14:15:31.066947+00:00 app[web.1]: 	from /app/config.ru:3:in `block in <main>'
2014-03-06T14:15:31.066947+00:00 app[web.1]: 	from /app/vendor/bundle/ruby/2.1.0/gems/rack-1.5.2/lib/rack/builder.rb:55:in `instance_eval'
2014-03-06T14:15:31.066947+00:00 app[web.1]: 	from /app/vendor/bundle/ruby/2.1.0/gems/rack-1.5.2/lib/rack/builder.rb:55:in `initialize'
2014-03-06T14:15:31.066947+00:00 app[web.1]: 	from /app/config.ru:in `new'
2014-03-06T14:15:31.066947+00:00 app[web.1]: 	from /app/config.ru:in `<main>'
2014-03-06T14:15:31.066947+00:00 app[web.1]: 	from /app/vendor/bundle/ruby/2.1.0/gems/rack-1.5.2/lib/rack/builder.rb:49:in `new_from_string'
2014-03-06T14:15:31.066947+00:00 app[web.1]: 	from /app/vendor/bundle/ruby/2.1.0/gems/rack-1.5.2/lib/rack/builder.rb:49:in `eval'
2014-03-06T14:15:31.066947+00:00 app[web.1]: 	from /app/vendor/bundle/ruby/2.1.0/gems/rack-1.5.2/lib/rack/builder.rb:40:in `parse_file'
2014-03-06T14:15:31.067130+00:00 app[web.1]: 	from /app/vendor/bundle/ruby/2.1.0/gems/rack-1.5.2/lib/rack/server.rb:277:in `build_app_and_options_from_config'
2014-03-06T14:15:31.067130+00:00 app[web.1]: 	from /app/vendor/bundle/ruby/2.1.0/gems/rack-1.5.2/lib/rack/server.rb:199:in `app'
2014-03-06T14:15:31.067130+00:00 app[web.1]: 	from /app/vendor/bundle/ruby/2.1.0/gems/railties-4.0.3/lib/rails/commands/server.rb:48:in `app'
2014-03-06T14:15:31.067130+00:00 app[web.1]: 	from /app/vendor/bundle/ruby/2.1.0/gems/rack-1.5.2/lib/rack/server.rb:314:in `wrapped_app'
2014-03-06T14:15:31.067130+00:00 app[web.1]: 	from /app/vendor/bundle/ruby/2.1.0/gems/railties-4.0.3/lib/rails/commands/server.rb:75:in `start'
2014-03-06T14:15:31.067130+00:00 app[web.1]: 	from /app/vendor/bundle/ruby/2.1.0/gems/railties-4.0.3/lib/rails/commands.rb:76:in `block in <top (required)>'
2014-03-06T14:15:31.067130+00:00 app[web.1]: 	from /app/vendor/bundle/ruby/2.1.0/gems/railties-4.0.3/lib/rails/commands.rb:71:in `tap'
2014-03-06T14:15:31.067130+00:00 app[web.1]: 	from /app/vendor/bundle/ruby/2.1.0/gems/railties-4.0.3/lib/rails/commands.rb:71:in `<top (required)>'
2014-03-06T14:15:31.067130+00:00 app[web.1]: 	from bin/rails:4:in `require'
2014-03-06T14:15:31.067130+00:00 app[web.1]: 	from bin/rails:4:in `<main>'
2014-03-06T14:15:32.332181+00:00 heroku[web.1]: State changed from starting to crashed
2014-03-06T14:15:32.318443+00:00 heroku[web.1]: Process exited with status 1
2014-03-06T14:15:32.333059+00:00 heroku[web.1]: State changed from crashed to starting
2014-03-06T14:15:32.618369+00:00 app[web.1]: => Run `rails server -h` for more startup options
2014-03-06T14:15:32.618369+00:00 app[web.1]: => Booting WEBrick
2014-03-06T14:15:32.618369+00:00 app[web.1]: => Rails 4.0.3 application starting in production on http://0.0.0.0:39850
2014-03-06T14:15:32.618369+00:00 app[web.1]: => Ctrl-C to shutdown server
2014-03-06T14:15:32.618369+00:00 app[web.1]: Exiting
2014-03-06T14:15:32.618369+00:00 app[web.1]: 
2014-03-06T14:15:32.618369+00:00 app[web.1]: /app/vendor/bundle/ruby/2.1.0/gems/devise-3.2.3/lib/devise/rails/routes.rb:481:in `raise_no_secret_key': Devise.secret_key was not set. Please add the following to your Devise initializer: (RuntimeError)
2014-03-06T14:15:32.618369+00:00 app[web.1]: 
2014-03-06T14:15:32.618632+00:00 app[web.1]: 	from /app/vendor/bundle/ruby/2.1.0/gems/actionpack-4.0.3/lib/action_dispatch/routing/route_set.rb:341:in `instance_exec'
2014-03-06T14:15:32.618632+00:00 app[web.1]: 	from /app/vendor/bundle/ruby/2.1.0/gems/actionpack-4.0.3/lib/action_dispatch/routing/route_set.rb:341:in `eval_block'
2014-03-06T14:15:32.618369+00:00 app[web.1]:   config.secret_key = '4c2f9b7e6458d70e57add34476a5722085d0714770aacf44c952cb4ebcb1d58061a7701fcdf70a7d0d2a7510b16c2f071f7c1356bc290524e2c9e01a6cf08df6'
2014-03-06T14:15:32.618632+00:00 app[web.1]: 	from /app/config/routes.rb:3:in `block in <top (required)>'
2014-03-06T14:15:32.618632+00:00 app[web.1]: 	from /app/vendor/bundle/ruby/2.1.0/gems/devise-3.2.3/lib/devise/rails/routes.rb:206:in `devise_for'
2014-03-06T14:15:32.618854+00:00 app[web.1]: 	from /app/vendor/bundle/ruby/2.1.0/gems/railties-4.0.3/lib/rails/application/routes_reloader.rb:40:in `block in load_paths'
2014-03-06T14:15:32.618854+00:00 app[web.1]: 	from /app/vendor/bundle/ruby/2.1.0/gems/railties-4.0.3/lib/rails/application/routes_reloader.rb:16:in `reload!'
2014-03-06T14:15:32.618854+00:00 app[web.1]: 	from /app/vendor/bundle/ruby/2.1.0/gems/railties-4.0.3/lib/rails/application/routes_reloader.rb:40:in `load_paths'
2014-03-06T14:15:32.618854+00:00 app[web.1]: 	from /app/vendor/bundle/ruby/2.1.0/gems/activesupport-4.0.3/lib/active_support/lazy_load_hooks.rb:36:in `execute_hook'
2014-03-06T14:15:32.618854+00:00 app[web.1]: 	from /app/vendor/bundle/ruby/2.1.0/gems/activesupport-4.0.3/lib/active_support/lazy_load_hooks.rb:45:in `block in run_load_hooks'
2014-03-06T14:15:32.618632+00:00 app[web.1]: 	from /app/config/routes.rb:1:in `<top (required)>'
2014-03-06T14:15:32.618632+00:00 app[web.1]: 	from /app/vendor/bundle/ruby/2.1.0/gems/actionpack-4.0.3/lib/action_dispatch/routing/route_set.rb:319:in `draw'
2014-03-06T14:15:32.618369+00:00 app[web.1]: Please ensure you restarted your application after installing Devise or setting the key.
2014-03-06T14:15:32.618632+00:00 app[web.1]: 	from /app/vendor/bundle/ruby/2.1.0/gems/activesupport-4.0.3/lib/active_support/dependencies.rb:223:in `block in load'
2014-03-06T14:15:32.618854+00:00 app[web.1]: 	from /app/vendor/bundle/ruby/2.1.0/gems/railties-4.0.3/lib/rails/application.rb:102:in `reload_routes!'
2014-03-06T14:15:32.618854+00:00 app[web.1]: 	from /app/vendor/bundle/ruby/2.1.0/gems/railties-4.0.3/lib/rails/application/routes_reloader.rb:40:in `each'
2014-03-06T14:15:32.619664+00:00 app[web.1]: 	from /app/vendor/ruby-2.1.0/lib/ruby/2.1.0/tsort.rb:427:in `each_strongly_connected_component_from'
2014-03-06T14:15:32.619664+00:00 app[web.1]: 	from /app/vendor/ruby-2.1.0/lib/ruby/2.1.0/tsort.rb:348:in `block (2 levels) in each_strongly_connected_component'
2014-03-06T14:15:32.619664+00:00 app[web.1]: 	from /app/vendor/ruby-2.1.0/lib/ruby/2.1.0/tsort.rb:345:in `each'
2014-03-06T14:15:32.618854+00:00 app[web.1]: 	from /app/vendor/bundle/ruby/2.1.0/gems/activesupport-4.0.3/lib/active_support/lazy_load_hooks.rb:36:in `call'
2014-03-06T14:15:32.618632+00:00 app[web.1]: 	from /app/vendor/bundle/ruby/2.1.0/gems/activesupport-4.0.3/lib/active_support/dependencies.rb:223:in `load'
2014-03-06T14:15:32.618632+00:00 app[web.1]: 	from /app/vendor/bundle/ruby/2.1.0/gems/activesupport-4.0.3/lib/active_support/dependencies.rb:223:in `load'
2014-03-06T14:15:32.619664+00:00 app[web.1]: 	from /app/vendor/ruby-2.1.0/lib/ruby/2.1.0/tsort.rb:226:in `block in tsort_each'
2014-03-06T14:15:32.619893+00:00 app[web.1]: 	from /app/vendor/ruby-2.1.0/lib/ruby/2.1.0/tsort.rb:345:in `each_strongly_connected_component'
2014-03-06T14:15:32.618854+00:00 app[web.1]: 	from /app/vendor/bundle/ruby/2.1.0/gems/devise-3.2.3/lib/devise/rails.rb:14:in `block in <class:Engine>'
2014-03-06T14:15:32.619893+00:00 app[web.1]: 	from /app/vendor/ruby-2.1.0/lib/ruby/2.1.0/tsort.rb:205:in `tsort_each'
2014-03-06T14:15:32.618632+00:00 app[web.1]: 	from /app/vendor/bundle/ruby/2.1.0/gems/activesupport-4.0.3/lib/active_support/dependencies.rb:214:in `load_dependency'
2014-03-06T14:15:32.619893+00:00 app[web.1]: 	from /app/vendor/bundle/ruby/2.1.0/gems/railties-4.0.3/lib/rails/railtie/configurable.rb:30:in `method_missing'
2014-03-06T14:15:32.620381+00:00 app[web.1]: 	from /app/vendor/bundle/ruby/2.1.0/gems/rack-1.5.2/lib/rack/builder.rb:40:in `parse_file'
2014-03-06T14:15:32.620381+00:00 app[web.1]: 	from /app/vendor/bundle/ruby/2.1.0/gems/rack-1.5.2/lib/rack/builder.rb:49:in `new_from_string'
2014-03-06T14:15:32.620381+00:00 app[web.1]: 	from /app/vendor/bundle/ruby/2.1.0/gems/rack-1.5.2/lib/rack/builder.rb:49:in `eval'
2014-03-06T14:15:32.620602+00:00 app[web.1]: 	from /app/vendor/bundle/ruby/2.1.0/gems/rack-1.5.2/lib/rack/server.rb:199:in `app'
2014-03-06T14:15:32.619664+00:00 app[web.1]: 	from /app/vendor/ruby-2.1.0/lib/ruby/2.1.0/tsort.rb:347:in `block in each_strongly_connected_component'
2014-03-06T14:15:32.620602+00:00 app[web.1]: 	from /app/vendor/bundle/ruby/2.1.0/gems/rack-1.5.2/lib/rack/server.rb:314:in `wrapped_app'
2014-03-06T14:15:32.618854+00:00 app[web.1]: 	from /app/vendor/bundle/ruby/2.1.0/gems/activesupport-4.0.3/lib/active_support/lazy_load_hooks.rb:44:in `each'
2014-03-06T14:15:32.619893+00:00 app[web.1]: 	from /app/vendor/bundle/ruby/2.1.0/gems/activesupport-4.0.3/lib/active_support/dependencies.rb:229:in `require'
2014-03-06T14:15:32.620602+00:00 app[web.1]: 	from /app/vendor/bundle/ruby/2.1.0/gems/rack-1.5.2/lib/rack/server.rb:277:in `build_app_and_options_from_config'
2014-03-06T14:15:32.620602+00:00 app[web.1]: 	from /app/vendor/bundle/ruby/2.1.0/gems/railties-4.0.3/lib/rails/commands.rb:76:in `block in <top (required)>'
2014-03-06T14:15:32.620602+00:00 app[web.1]: 	from bin/rails:4:in `require'
2014-03-06T14:15:32.620602+00:00 app[web.1]: 	from /app/vendor/bundle/ruby/2.1.0/gems/railties-4.0.3/lib/rails/commands/server.rb:48:in `app'
2014-03-06T14:15:32.619893+00:00 app[web.1]: 	from /app/vendor/ruby-2.1.0/lib/ruby/2.1.0/tsort.rb:345:in `call'
2014-03-06T14:15:32.620602+00:00 app[web.1]: 	from /app/vendor/bundle/ruby/2.1.0/gems/railties-4.0.3/lib/rails/commands.rb:71:in `tap'
2014-03-06T14:15:32.619664+00:00 app[web.1]: 	from /app/vendor/bundle/ruby/2.1.0/gems/activesupport-4.0.3/lib/active_support/lazy_load_hooks.rb:44:in `run_load_hooks'
2014-03-06T14:15:32.620381+00:00 app[web.1]: 	from /app/vendor/bundle/ruby/2.1.0/gems/activesupport-4.0.3/lib/active_support/dependencies.rb:214:in `load_dependency'
2014-03-06T14:15:32.619893+00:00 app[web.1]: 	from /app/vendor/bundle/ruby/2.1.0/gems/activesupport-4.0.3/lib/active_support/dependencies.rb:229:in `block in require'
2014-03-06T14:15:32.620602+00:00 app[web.1]: 	from /app/vendor/bundle/ruby/2.1.0/gems/railties-4.0.3/lib/rails/commands/server.rb:75:in `start'
2014-03-06T14:15:32.620602+00:00 app[web.1]: 	from /app/vendor/bundle/ruby/2.1.0/gems/railties-4.0.3/lib/rails/commands.rb:71:in `<top (required)>'
2014-03-06T14:15:32.619893+00:00 app[web.1]: 	from /app/vendor/ruby-2.1.0/lib/ruby/2.1.0/tsort.rb:224:in `tsort_each'
2014-03-06T14:15:32.619664+00:00 app[web.1]: 	from /app/vendor/bundle/ruby/2.1.0/gems/railties-4.0.3/lib/rails/application/finisher.rb:55:in `block in <module:Finisher>'
2014-03-06T14:15:32.619664+00:00 app[web.1]: 	from /app/vendor/bundle/ruby/2.1.0/gems/railties-4.0.3/lib/rails/initializable.rb:30:in `instance_exec'
2014-03-06T14:15:32.620602+00:00 app[web.1]: 	from bin/rails:4:in `<main>'
2014-03-06T14:15:32.620381+00:00 app[web.1]: 	from /app/config.ru:3:in `block in <main>'
2014-03-06T14:15:32.619664+00:00 app[web.1]: 	from /app/vendor/bundle/ruby/2.1.0/gems/railties-4.0.3/lib/rails/initializable.rb:30:in `run'
2014-03-06T14:15:32.619664+00:00 app[web.1]: 	from /app/vendor/bundle/ruby/2.1.0/gems/railties-4.0.3/lib/rails/initializable.rb:55:in `block in run_initializers'
2014-03-06T14:15:32.620381+00:00 app[web.1]: 	from /app/vendor/bundle/ruby/2.1.0/gems/activesupport-4.0.3/lib/active_support/dependencies.rb:229:in `require'
2014-03-06T14:15:32.620381+00:00 app[web.1]: 	from /app/vendor/bundle/ruby/2.1.0/gems/rack-1.5.2/lib/rack/builder.rb:55:in `instance_eval'
2014-03-06T14:15:32.619893+00:00 app[web.1]: 	from /app/vendor/bundle/ruby/2.1.0/gems/railties-4.0.3/lib/rails/initializable.rb:54:in `run_initializers'
2014-03-06T14:15:32.619893+00:00 app[web.1]: 	from /app/vendor/bundle/ruby/2.1.0/gems/railties-4.0.3/lib/rails/application.rb:215:in `initialize!'
2014-03-06T14:15:32.620381+00:00 app[web.1]: 	from /app/config.ru:in `<main>'
2014-03-06T14:15:32.619893+00:00 app[web.1]: 	from /app/config/environment.rb:5:in `<top (required)>'
2014-03-06T14:15:32.620381+00:00 app[web.1]: 	from /app/vendor/bundle/ruby/2.1.0/gems/rack-1.5.2/lib/rack/builder.rb:55:in `initialize'
2014-03-06T14:15:32.620381+00:00 app[web.1]: 	from /app/config.ru:in `new'
2014-03-06T14:15:33.323263+00:00 heroku[api]: Starting process with command `bundle exec rake db:migrate` by munozfj@hotmail.com
2014-03-06T14:15:35.711956+00:00 heroku[web.1]: Process exited with status 1
2014-03-06T14:15:35.724378+00:00 heroku[web.1]: Starting process with command `bin/rails server -p 26846 -e production`
2014-03-06T14:15:38.268575+00:00 app[web.1]: => Rails 4.0.3 application starting in production on http://0.0.0.0:26846
2014-03-06T14:15:38.268575+00:00 app[web.1]: Exiting
2014-03-06T14:15:38.268575+00:00 app[web.1]: => Run `rails server -h` for more startup options
2014-03-06T14:15:38.268575+00:00 app[web.1]: /app/vendor/bundle/ruby/2.1.0/gems/devise-3.2.3/lib/devise/rails/routes.rb:481:in `raise_no_secret_key': Devise.secret_key was not set. Please add the following to your Devise initializer: (RuntimeError)
2014-03-06T14:15:38.268829+00:00 app[web.1]: 	from /app/config/routes.rb:3:in `block in <top (required)>'
2014-03-06T14:15:38.268575+00:00 app[web.1]: 
2014-03-06T14:15:38.268829+00:00 app[web.1]: 	from /app/vendor/bundle/ruby/2.1.0/gems/devise-3.2.3/lib/devise/rails/routes.rb:206:in `devise_for'
2014-03-06T14:15:38.268575+00:00 app[web.1]: => Booting WEBrick
2014-03-06T14:15:38.268575+00:00 app[web.1]: => Ctrl-C to shutdown server
2014-03-06T14:15:38.268575+00:00 app[web.1]:   config.secret_key = 'd31e04f41ceae2abb93f3150a2e5284c54883538935ffddf6a6bd768b4ba8ffa17b05e62aa94a2f1050735ae21973ad5e0f1e53e8e5e2980cc991537c191ba7b'
2014-03-06T14:15:38.268575+00:00 app[web.1]: 
2014-03-06T14:15:38.268829+00:00 app[web.1]: 	from /app/vendor/bundle/ruby/2.1.0/gems/activesupport-4.0.3/lib/active_support/dependencies.rb:223:in `block in load'
2014-03-06T14:15:38.269034+00:00 app[web.1]: 	from /app/vendor/bundle/ruby/2.1.0/gems/railties-4.0.3/lib/rails/application/routes_reloader.rb:40:in `block in load_paths'
2014-03-06T14:15:38.268829+00:00 app[web.1]: 	from /app/vendor/bundle/ruby/2.1.0/gems/actionpack-4.0.3/lib/action_dispatch/routing/route_set.rb:341:in `instance_exec'
2014-03-06T14:15:38.268829+00:00 app[web.1]: 	from /app/vendor/bundle/ruby/2.1.0/gems/activesupport-4.0.3/lib/active_support/dependencies.rb:214:in `load_dependency'
2014-03-06T14:15:38.269034+00:00 app[web.1]: 	from /app/vendor/bundle/ruby/2.1.0/gems/railties-4.0.3/lib/rails/application/routes_reloader.rb:40:in `each'
2014-03-06T14:15:38.268829+00:00 app[web.1]: 	from /app/vendor/bundle/ruby/2.1.0/gems/actionpack-4.0.3/lib/action_dispatch/routing/route_set.rb:319:in `draw'
2014-03-06T14:15:38.268829+00:00 app[web.1]: 	from /app/vendor/bundle/ruby/2.1.0/gems/actionpack-4.0.3/lib/action_dispatch/routing/route_set.rb:341:in `eval_block'
2014-03-06T14:15:38.268575+00:00 app[web.1]: Please ensure you restarted your application after installing Devise or setting the key.
2014-03-06T14:15:38.268829+00:00 app[web.1]: 	from /app/vendor/bundle/ruby/2.1.0/gems/activesupport-4.0.3/lib/active_support/dependencies.rb:223:in `load'
2014-03-06T14:15:38.269034+00:00 app[web.1]: 	from /app/vendor/bundle/ruby/2.1.0/gems/railties-4.0.3/lib/rails/application/routes_reloader.rb:40:in `load_paths'
2014-03-06T14:15:38.268829+00:00 app[web.1]: 	from /app/config/routes.rb:1:in `<top (required)>'
2014-03-06T14:15:38.269034+00:00 app[web.1]: 	from /app/vendor/bundle/ruby/2.1.0/gems/railties-4.0.3/lib/rails/application.rb:102:in `reload_routes!'
2014-03-06T14:15:38.268829+00:00 app[web.1]: 	from /app/vendor/bundle/ruby/2.1.0/gems/activesupport-4.0.3/lib/active_support/dependencies.rb:223:in `load'
2014-03-06T14:15:38.269034+00:00 app[web.1]: 	from /app/vendor/bundle/ruby/2.1.0/gems/devise-3.2.3/lib/devise/rails.rb:14:in `block in <class:Engine>'
2014-03-06T14:15:38.269034+00:00 app[web.1]: 	from /app/vendor/bundle/ruby/2.1.0/gems/activesupport-4.0.3/lib/active_support/lazy_load_hooks.rb:36:in `call'
2014-03-06T14:15:38.269034+00:00 app[web.1]: 	from /app/vendor/bundle/ruby/2.1.0/gems/activesupport-4.0.3/lib/active_support/lazy_load_hooks.rb:36:in `execute_hook'
2014-03-06T14:15:38.269034+00:00 app[web.1]: 	from /app/vendor/bundle/ruby/2.1.0/gems/activesupport-4.0.3/lib/active_support/lazy_load_hooks.rb:45:in `block in run_load_hooks'
2014-03-06T14:15:38.269671+00:00 app[web.1]: 	from /app/vendor/bundle/ruby/2.1.0/gems/railties-4.0.3/lib/rails/initializable.rb:30:in `instance_exec'
2014-03-06T14:15:38.269034+00:00 app[web.1]: 	from /app/vendor/bundle/ruby/2.1.0/gems/railties-4.0.3/lib/rails/application/routes_reloader.rb:16:in `reload!'
2014-03-06T14:15:38.269871+00:00 app[web.1]: 	from /app/vendor/ruby-2.1.0/lib/ruby/2.1.0/tsort.rb:345:in `call'
2014-03-06T14:15:38.269671+00:00 app[web.1]: 	from /app/vendor/ruby-2.1.0/lib/ruby/2.1.0/tsort.rb:345:in `each'
2014-03-06T14:15:38.269671+00:00 app[web.1]: 	from /app/vendor/bundle/ruby/2.1.0/gems/railties-4.0.3/lib/rails/application/finisher.rb:55:in `block in <module:Finisher>'
2014-03-06T14:15:38.269671+00:00 app[web.1]: 	from /app/vendor/bundle/ruby/2.1.0/gems/railties-4.0.3/lib/rails/initializable.rb:30:in `run'
2014-03-06T14:15:38.269671+00:00 app[web.1]: 	from /app/vendor/ruby-2.1.0/lib/ruby/2.1.0/tsort.rb:226:in `block in tsort_each'
2014-03-06T14:15:38.269671+00:00 app[web.1]: 	from /app/vendor/bundle/ruby/2.1.0/gems/activesupport-4.0.3/lib/active_support/lazy_load_hooks.rb:44:in `run_load_hooks'
2014-03-06T14:15:38.269871+00:00 app[web.1]: 	from /app/vendor/bundle/ruby/2.1.0/gems/railties-4.0.3/lib/rails/application.rb:215:in `initialize!'
2014-03-06T14:15:38.269034+00:00 app[web.1]: 	from /app/vendor/bundle/ruby/2.1.0/gems/activesupport-4.0.3/lib/active_support/lazy_load_hooks.rb:44:in `each'
2014-03-06T14:15:38.269671+00:00 app[web.1]: 	from /app/vendor/ruby-2.1.0/lib/ruby/2.1.0/tsort.rb:348:in `block (2 levels) in each_strongly_connected_component'
2014-03-06T14:15:38.269871+00:00 app[web.1]: 	from /app/vendor/bundle/ruby/2.1.0/gems/railties-4.0.3/lib/rails/initializable.rb:54:in `run_initializers'
2014-03-06T14:15:38.270382+00:00 app[web.1]: 	from /app/vendor/bundle/ruby/2.1.0/gems/rack-1.5.2/lib/rack/builder.rb:40:in `parse_file'
2014-03-06T14:15:38.269871+00:00 app[web.1]: 	from /app/config/environment.rb:5:in `<top (required)>'
2014-03-06T14:15:38.269871+00:00 app[web.1]: 	from /app/vendor/bundle/ruby/2.1.0/gems/activesupport-4.0.3/lib/active_support/dependencies.rb:229:in `require'
2014-03-06T14:15:38.269871+00:00 app[web.1]: 	from /app/vendor/ruby-2.1.0/lib/ruby/2.1.0/tsort.rb:345:in `each_strongly_connected_component'
2014-03-06T14:15:38.269671+00:00 app[web.1]: 	from /app/vendor/ruby-2.1.0/lib/ruby/2.1.0/tsort.rb:427:in `each_strongly_connected_component_from'
2014-03-06T14:15:38.269871+00:00 app[web.1]: 	from /app/vendor/ruby-2.1.0/lib/ruby/2.1.0/tsort.rb:224:in `tsort_each'
2014-03-06T14:15:38.270624+00:00 app[web.1]: 	from /app/vendor/bundle/ruby/2.1.0/gems/railties-4.0.3/lib/rails/commands/server.rb:75:in `start'
2014-03-06T14:15:38.269671+00:00 app[web.1]: 	from /app/vendor/bundle/ruby/2.1.0/gems/railties-4.0.3/lib/rails/initializable.rb:55:in `block in run_initializers'
2014-03-06T14:15:38.269871+00:00 app[web.1]: 	from /app/vendor/bundle/ruby/2.1.0/gems/railties-4.0.3/lib/rails/railtie/configurable.rb:30:in `method_missing'
2014-03-06T14:15:38.270382+00:00 app[web.1]: 	from /app/config.ru:in `new'
2014-03-06T14:15:38.270624+00:00 app[web.1]: 	from /app/vendor/bundle/ruby/2.1.0/gems/rack-1.5.2/lib/rack/server.rb:277:in `build_app_and_options_from_config'
2014-03-06T14:15:38.269871+00:00 app[web.1]: 	from /app/vendor/bundle/ruby/2.1.0/gems/activesupport-4.0.3/lib/active_support/dependencies.rb:229:in `block in require'
2014-03-06T14:15:38.270382+00:00 app[web.1]: 	from /app/config.ru:in `<main>'
2014-03-06T14:15:38.270382+00:00 app[web.1]: 	from /app/vendor/bundle/ruby/2.1.0/gems/activesupport-4.0.3/lib/active_support/dependencies.rb:229:in `require'
2014-03-06T14:15:38.270382+00:00 app[web.1]: 	from /app/vendor/bundle/ruby/2.1.0/gems/rack-1.5.2/lib/rack/builder.rb:55:in `initialize'
2014-03-06T14:15:38.270382+00:00 app[web.1]: 	from /app/vendor/bundle/ruby/2.1.0/gems/activesupport-4.0.3/lib/active_support/dependencies.rb:214:in `load_dependency'
2014-03-06T14:15:38.269671+00:00 app[web.1]: 	from /app/vendor/ruby-2.1.0/lib/ruby/2.1.0/tsort.rb:347:in `block in each_strongly_connected_component'
2014-03-06T14:15:38.270382+00:00 app[web.1]: 	from /app/vendor/bundle/ruby/2.1.0/gems/rack-1.5.2/lib/rack/builder.rb:55:in `instance_eval'
2014-03-06T14:15:38.270624+00:00 app[web.1]: 	from /app/vendor/bundle/ruby/2.1.0/gems/rack-1.5.2/lib/rack/server.rb:314:in `wrapped_app'
2014-03-06T14:15:38.270382+00:00 app[web.1]: 	from /app/vendor/bundle/ruby/2.1.0/gems/rack-1.5.2/lib/rack/builder.rb:49:in `new_from_string'
2014-03-06T14:15:38.270624+00:00 app[web.1]: 	from /app/vendor/bundle/ruby/2.1.0/gems/railties-4.0.3/lib/rails/commands.rb:76:in `block in <top (required)>'
2014-03-06T14:15:38.270382+00:00 app[web.1]: 	from /app/vendor/bundle/ruby/2.1.0/gems/rack-1.5.2/lib/rack/builder.rb:49:in `eval'
2014-03-06T14:15:38.270624+00:00 app[web.1]: 	from /app/vendor/bundle/ruby/2.1.0/gems/rack-1.5.2/lib/rack/server.rb:199:in `app'
2014-03-06T14:15:38.269871+00:00 app[web.1]: 	from /app/vendor/ruby-2.1.0/lib/ruby/2.1.0/tsort.rb:205:in `tsort_each'
2014-03-06T14:15:38.270624+00:00 app[web.1]: 	from bin/rails:4:in `<main>'
2014-03-06T14:15:38.270624+00:00 app[web.1]: 	from /app/vendor/bundle/ruby/2.1.0/gems/railties-4.0.3/lib/rails/commands.rb:71:in `<top (required)>'
2014-03-06T14:15:38.270624+00:00 app[web.1]: 	from /app/vendor/bundle/ruby/2.1.0/gems/railties-4.0.3/lib/rails/commands/server.rb:48:in `app'
2014-03-06T14:15:38.270624+00:00 app[web.1]: 	from /app/vendor/bundle/ruby/2.1.0/gems/railties-4.0.3/lib/rails/commands.rb:71:in `tap'
2014-03-06T14:15:38.270382+00:00 app[web.1]: 	from /app/config.ru:3:in `block in <main>'
2014-03-06T14:15:38.270624+00:00 app[web.1]: 	from bin/rails:4:in `require'
2014-03-06T14:15:39.598542+00:00 heroku[web.1]: Process exited with status 1
2014-03-06T14:15:39.690393+00:00 heroku[run.2137]: State changed from starting to up
2014-03-06T14:15:40.304017+00:00 heroku[run.2137]: Awaiting client
2014-03-06T14:15:40.344336+00:00 heroku[run.2137]: Starting process with command `bundle exec rake db:migrate`
2014-03-06T14:15:48.310752+00:00 heroku[run.2137]: Process exited with status 0
2014-03-06T14:15:48.324712+00:00 heroku[run.2137]: State changed from up to complete
2014-03-06T14:15:39.615161+00:00 heroku[web.1]: State changed from starting to crashed
2014-03-06T14:44:17.770135+00:00 heroku[web.1]: State changed from crashed to starting
2014-03-06T14:44:21.963579+00:00 heroku[web.1]: Starting process with command `bin/rails server -p 59637 -e production`
2014-03-06T14:44:27.367306+00:00 app[web.1]: Exiting
2014-03-06T14:44:27.367306+00:00 app[web.1]: => Booting WEBrick
2014-03-06T14:44:27.367306+00:00 app[web.1]: => Run `rails server -h` for more startup options
2014-03-06T14:44:27.367306+00:00 app[web.1]: /app/vendor/bundle/ruby/2.1.0/gems/devise-3.2.3/lib/devise/rails/routes.rb:481:in `raise_no_secret_key': Devise.secret_key was not set. Please add the following to your Devise initializer: (RuntimeError)
2014-03-06T14:44:27.367306+00:00 app[web.1]: 
2014-03-06T14:44:27.367306+00:00 app[web.1]:   config.secret_key = '8250b9547f3f3b6e784f030226dc4c706a4f6b5152d1029f1ab59b28910a7c3d6372eb2227223344b922cffe25e3d81cffb17cff36fefaeb56e5fdb00a6e6878'
2014-03-06T14:44:27.367306+00:00 app[web.1]: Please ensure you restarted your application after installing Devise or setting the key.
2014-03-06T14:44:27.367561+00:00 app[web.1]: 	from /app/vendor/bundle/ruby/2.1.0/gems/devise-3.2.3/lib/devise/rails/routes.rb:206:in `devise_for'
2014-03-06T14:44:27.367306+00:00 app[web.1]: => Rails 4.0.3 application starting in production on http://0.0.0.0:59637
2014-03-06T14:44:27.367561+00:00 app[web.1]: 	from /app/config/routes.rb:1:in `<top (required)>'
2014-03-06T14:44:27.367742+00:00 app[web.1]: 	from /app/vendor/bundle/ruby/2.1.0/gems/railties-4.0.3/lib/rails/application/routes_reloader.rb:16:in `reload!'
2014-03-06T14:44:27.367561+00:00 app[web.1]: 	from /app/vendor/bundle/ruby/2.1.0/gems/activesupport-4.0.3/lib/active_support/dependencies.rb:223:in `load'
2014-03-06T14:44:27.367561+00:00 app[web.1]: 	from /app/vendor/bundle/ruby/2.1.0/gems/activesupport-4.0.3/lib/active_support/dependencies.rb:214:in `load_dependency'
2014-03-06T14:44:27.367561+00:00 app[web.1]: 	from /app/vendor/bundle/ruby/2.1.0/gems/actionpack-4.0.3/lib/action_dispatch/routing/route_set.rb:341:in `instance_exec'
2014-03-06T14:44:27.367561+00:00 app[web.1]: 	from /app/vendor/bundle/ruby/2.1.0/gems/actionpack-4.0.3/lib/action_dispatch/routing/route_set.rb:341:in `eval_block'
2014-03-06T14:44:27.367561+00:00 app[web.1]: 	from /app/vendor/bundle/ruby/2.1.0/gems/activesupport-4.0.3/lib/active_support/dependencies.rb:223:in `block in load'
2014-03-06T14:44:27.367742+00:00 app[web.1]: 	from /app/vendor/bundle/ruby/2.1.0/gems/activesupport-4.0.3/lib/active_support/lazy_load_hooks.rb:44:in `each'
2014-03-06T14:44:27.367561+00:00 app[web.1]: 	from /app/vendor/bundle/ruby/2.1.0/gems/actionpack-4.0.3/lib/action_dispatch/routing/route_set.rb:319:in `draw'
2014-03-06T14:44:27.367742+00:00 app[web.1]: 	from /app/vendor/bundle/ruby/2.1.0/gems/activesupport-4.0.3/lib/active_support/lazy_load_hooks.rb:36:in `execute_hook'
2014-03-06T14:44:27.367306+00:00 app[web.1]: => Ctrl-C to shutdown server
2014-03-06T14:44:27.367561+00:00 app[web.1]: 	from /app/vendor/bundle/ruby/2.1.0/gems/activesupport-4.0.3/lib/active_support/dependencies.rb:223:in `load'
2014-03-06T14:44:27.368393+00:00 app[web.1]: 	from /app/vendor/bundle/ruby/2.1.0/gems/railties-4.0.3/lib/rails/application/finisher.rb:55:in `block in <module:Finisher>'
2014-03-06T14:44:27.367742+00:00 app[web.1]: 	from /app/vendor/bundle/ruby/2.1.0/gems/railties-4.0.3/lib/rails/application/routes_reloader.rb:40:in `each'
2014-03-06T14:44:27.367742+00:00 app[web.1]: 	from /app/vendor/bundle/ruby/2.1.0/gems/devise-3.2.3/lib/devise/rails.rb:14:in `block in <class:Engine>'
2014-03-06T14:44:27.367742+00:00 app[web.1]: 	from /app/vendor/bundle/ruby/2.1.0/gems/railties-4.0.3/lib/rails/application/routes_reloader.rb:40:in `block in load_paths'
2014-03-06T14:44:27.368393+00:00 app[web.1]: 	from /app/vendor/bundle/ruby/2.1.0/gems/railties-4.0.3/lib/rails/initializable.rb:30:in `instance_exec'
2014-03-06T14:44:27.368393+00:00 app[web.1]: 	from /app/vendor/ruby-2.1.0/lib/ruby/2.1.0/tsort.rb:347:in `block in each_strongly_connected_component'
2014-03-06T14:44:27.367742+00:00 app[web.1]: 	from /app/vendor/bundle/ruby/2.1.0/gems/railties-4.0.3/lib/rails/application/routes_reloader.rb:40:in `load_paths'
2014-03-06T14:44:27.368393+00:00 app[web.1]: 	from /app/vendor/bundle/ruby/2.1.0/gems/activesupport-4.0.3/lib/active_support/lazy_load_hooks.rb:44:in `run_load_hooks'
2014-03-06T14:44:27.369023+00:00 app[web.1]: 	from /app/vendor/bundle/ruby/2.1.0/gems/activesupport-4.0.3/lib/active_support/dependencies.rb:214:in `load_dependency'
2014-03-06T14:44:27.369023+00:00 app[web.1]: 	from /app/vendor/bundle/ruby/2.1.0/gems/rack-1.5.2/lib/rack/builder.rb:55:in `initialize'
2014-03-06T14:44:27.368393+00:00 app[web.1]: 	from /app/vendor/bundle/ruby/2.1.0/gems/railties-4.0.3/lib/rails/initializable.rb:55:in `block in run_initializers'
2014-03-06T14:44:27.367306+00:00 app[web.1]: 
2014-03-06T14:44:27.368612+00:00 app[web.1]: 	from /app/vendor/ruby-2.1.0/lib/ruby/2.1.0/tsort.rb:205:in `tsort_each'
2014-03-06T14:44:27.367742+00:00 app[web.1]: 	from /app/vendor/bundle/ruby/2.1.0/gems/activesupport-4.0.3/lib/active_support/lazy_load_hooks.rb:36:in `call'
2014-03-06T14:44:27.367742+00:00 app[web.1]: 	from /app/vendor/bundle/ruby/2.1.0/gems/activesupport-4.0.3/lib/active_support/lazy_load_hooks.rb:45:in `block in run_load_hooks'
2014-03-06T14:44:27.368612+00:00 app[web.1]: 	from /app/vendor/bundle/ruby/2.1.0/gems/railties-4.0.3/lib/rails/initializable.rb:54:in `run_initializers'
2014-03-06T14:44:27.368393+00:00 app[web.1]: 	from /app/vendor/ruby-2.1.0/lib/ruby/2.1.0/tsort.rb:348:in `block (2 levels) in each_strongly_connected_component'
2014-03-06T14:44:27.369205+00:00 app[web.1]: 	from /app/vendor/bundle/ruby/2.1.0/gems/railties-4.0.3/lib/rails/commands.rb:71:in `<top (required)>'
2014-03-06T14:44:27.368612+00:00 app[web.1]: 	from /app/vendor/ruby-2.1.0/lib/ruby/2.1.0/tsort.rb:345:in `call'
2014-03-06T14:44:27.367561+00:00 app[web.1]: 	from /app/config/routes.rb:3:in `block in <top (required)>'
2014-03-06T14:44:27.368393+00:00 app[web.1]: 	from /app/vendor/ruby-2.1.0/lib/ruby/2.1.0/tsort.rb:345:in `each'
2014-03-06T14:44:27.369023+00:00 app[web.1]: 	from /app/vendor/bundle/ruby/2.1.0/gems/activesupport-4.0.3/lib/active_support/dependencies.rb:229:in `require'
2014-03-06T14:44:27.368612+00:00 app[web.1]: 	from /app/vendor/ruby-2.1.0/lib/ruby/2.1.0/tsort.rb:345:in `each_strongly_connected_component'
2014-03-06T14:44:27.368393+00:00 app[web.1]: 	from /app/vendor/ruby-2.1.0/lib/ruby/2.1.0/tsort.rb:226:in `block in tsort_each'
2014-03-06T14:44:27.369023+00:00 app[web.1]: 	from /app/vendor/bundle/ruby/2.1.0/gems/rack-1.5.2/lib/rack/builder.rb:49:in `eval'
2014-03-06T14:44:27.369023+00:00 app[web.1]: 	from /app/vendor/bundle/ruby/2.1.0/gems/rack-1.5.2/lib/rack/builder.rb:40:in `parse_file'
2014-03-06T14:44:27.368612+00:00 app[web.1]: 	from /app/config/environment.rb:5:in `<top (required)>'
2014-03-06T14:44:27.367742+00:00 app[web.1]: 	from /app/vendor/bundle/ruby/2.1.0/gems/railties-4.0.3/lib/rails/application.rb:102:in `reload_routes!'
2014-03-06T14:44:27.368393+00:00 app[web.1]: 	from /app/vendor/bundle/ruby/2.1.0/gems/railties-4.0.3/lib/rails/initializable.rb:30:in `run'
2014-03-06T14:44:27.368612+00:00 app[web.1]: 	from /app/vendor/ruby-2.1.0/lib/ruby/2.1.0/tsort.rb:224:in `tsort_each'
2014-03-06T14:44:27.368612+00:00 app[web.1]: 	from /app/vendor/bundle/ruby/2.1.0/gems/railties-4.0.3/lib/rails/application.rb:215:in `initialize!'
2014-03-06T14:44:27.369023+00:00 app[web.1]: 	from /app/config.ru:in `new'
2014-03-06T14:44:27.368612+00:00 app[web.1]: 	from /app/vendor/bundle/ruby/2.1.0/gems/railties-4.0.3/lib/rails/railtie/configurable.rb:30:in `method_missing'
2014-03-06T14:44:27.368393+00:00 app[web.1]: 	from /app/vendor/ruby-2.1.0/lib/ruby/2.1.0/tsort.rb:427:in `each_strongly_connected_component_from'
2014-03-06T14:44:27.369205+00:00 app[web.1]: 	from bin/rails:4:in `require'
2014-03-06T14:44:27.369205+00:00 app[web.1]: 	from /app/vendor/bundle/ruby/2.1.0/gems/rack-1.5.2/lib/rack/server.rb:277:in `build_app_and_options_from_config'
2014-03-0
6T14:44:27.369205+00:00 app[web.1]: 	from /app/vendor/bundle/ruby/2.1.0/gems/railties-4.0.3/lib/rails/commands/server.rb:75:in `start'
2014-03-06T14:44:27.369205+00:00 app[web.1]: 	from /app/vendor/bundle/ruby/2.1.0/gems/rack-1.5.2/lib/rack/server.rb:199:in `app'
2014-03-06T14:44:27.369205+00:00 app[web.1]: 	from /app/vendor/bundle/ruby/2.1.0/gems/railties-4.0.3/lib/rails/commands.rb:76:in `block in <top (required)>'
2014-03-06T14:44:27.368612+00:00 app[web.1]: 	from /app/vendor/bundle/ruby/2.1.0/gems/activesupport-4.0.3/lib/active_support/dependencies.rb:229:in `require'
2014-03-06T14:44:27.369205+00:00 app[web.1]: 	from /app/vendor/bundle/ruby/2.1.0/gems/railties-4.0.3/lib/rails/commands/server.rb:48:in `app'
2014-03-06T14:44:27.369023+00:00 app[web.1]: 	from /app/config.ru:3:in `block in <main>'
2014-03-06T14:44:27.368612+00:00 app[web.1]: 	from /app/vendor/bundle/ruby/2.1.0/gems/activesupport-4.0.3/lib/active_support/dependencies.rb:229:in `block in require'
2014-03-06T14:44:27.369023+00:00 app[web.1]: 	from /app/vendor/bundle/ruby/2.1.0/gems/rack-1.5.2/lib/rack/builder.rb:55:in `instance_eval'
2014-03-06T14:44:27.369205+00:00 app[web.1]: 	from bin/rails:4:in `<main>'
2014-03-06T14:44:27.369023+00:00 app[web.1]: 	from /app/vendor/bundle/ruby/2.1.0/gems/rack-1.5.2/lib/rack/builder.rb:49:in `new_from_string'
2014-03-06T14:44:27.369205+00:00 app[web.1]: 	from /app/vendor/bundle/ruby/2.1.0/gems/railties-4.0.3/lib/rails/commands.rb:71:in `tap'
2014-03-06T14:44:27.369023+00:00 app[web.1]: 	from /app/config.ru:in `<main>'
2014-03-06T14:44:27.369205+00:00 app[web.1]: 	from /app/vendor/bundle/ruby/2.1.0/gems/rack-1.5.2/lib/rack/server.rb:314:in `wrapped_app'
2014-03-06T14:44:28.849329+00:00 heroku[web.1]: Process exited with status 1
2014-03-06T14:44:28.858686+00:00 heroku[web.1]: State changed from starting to crashed
